[debug] [2025-06-06T06:54:31.611Z] ----------------------------------------------------------------------
[debug] [2025-06-06T06:54:31.612Z] Command:       /usr/local/bin/node /usr/local/bin/firebase init
[debug] [2025-06-06T06:54:31.612Z] CLI Version:   14.6.0
[debug] [2025-06-06T06:54:31.613Z] Platform:      darwin
[debug] [2025-06-06T06:54:31.613Z] Node Version:  v22.15.1
[debug] [2025-06-06T06:54:31.613Z] Time:          Fri Jun 06 2025 12:24:31 GMT+0530 (India Standard Time)
[debug] [2025-06-06T06:54:31.613Z] ----------------------------------------------------------------------
[debug] 
[debug] [2025-06-06T06:54:31.615Z] > command requires scopes: ["email","openid","https://www.googleapis.com/auth/cloudplatformprojects.readonly","https://www.googleapis.com/auth/firebase","https://www.googleapis.com/auth/cloud-platform"]
[debug] [2025-06-06T06:54:31.615Z] > authorizing via signed-in user (vbrahmbhatt7420@gmail.com)
[info] 
     ######## #### ########  ######## ########     ###     ######  ########
     ##        ##  ##     ## ##       ##     ##  ##   ##  ##       ##
     ######    ##  ########  ######   ########  #########  ######  ######
     ##        ##  ##    ##  ##       ##     ## ##     ##       ## ##
     ##       #### ##     ## ######## ########  ##     ##  ######  ########

You're about to initialize a Firebase project in this directory:

  /Users/vraj/Downloads/portfolio-main

[info] 
=== Project Setup
[info] 
[info] First, let's associate this project directory with a Firebase project.
[info] You can create multiple project aliases by running firebase use --add, 
[info] but for now we'll just set up a default project.
[info] 
[debug] [2025-06-06T06:54:36.851Z] Using project from CLI flag: portfolio-bb607
[debug] [2025-06-06T06:54:36.852Z] Checked if tokens are valid: true, expires at: 1749196423413
[debug] [2025-06-06T06:54:36.852Z] Checked if tokens are valid: true, expires at: 1749196423413
[debug] [2025-06-06T06:54:36.854Z] >>> [apiv2][query] GET https://firebase.googleapis.com/v1beta1/projects/portfolio-bb607 [none]
[debug] [2025-06-06T06:54:43.067Z] <<< [apiv2][status] GET https://firebase.googleapis.com/v1beta1/projects/portfolio-bb607 403
[debug] [2025-06-06T06:54:43.067Z] <<< [apiv2][body] GET https://firebase.googleapis.com/v1beta1/projects/portfolio-bb607 {"error":{"code":403,"message":"The caller does not have permission","status":"PERMISSION_DENIED"}}
[debug] [2025-06-06T06:54:43.068Z] Request to https://firebase.googleapis.com/v1beta1/projects/portfolio-bb607 had HTTP Error: 403, The caller does not have permission
[debug] [2025-06-06T06:54:43.069Z] FirebaseError: Request to https://firebase.googleapis.com/v1beta1/projects/portfolio-bb607 had HTTP Error: 403, The caller does not have permission
    at responseToError (/usr/local/lib/node_modules/firebase-tools/lib/responseToError.js:52:12)
    at RetryOperation._fn (/usr/local/lib/node_modules/firebase-tools/lib/apiv2.js:312:77)
    at process.processTicksAndRejections (node:internal/process/task_queues:105:5)
[error] 
[error] Error: Failed to get Firebase project portfolio-bb607. Please make sure the project exists and your account has permission to access it.
[debug] [2025-06-06T06:54:58.328Z] ----------------------------------------------------------------------
[debug] [2025-06-06T06:54:58.329Z] Command:       /usr/local/bin/node /usr/local/bin/firebase init
[debug] [2025-06-06T06:54:58.329Z] CLI Version:   14.6.0
[debug] [2025-06-06T06:54:58.329Z] Platform:      darwin
[debug] [2025-06-06T06:54:58.329Z] Node Version:  v22.15.1
[debug] [2025-06-06T06:54:58.330Z] Time:          Fri Jun 06 2025 12:24:58 GMT+0530 (India Standard Time)
[debug] [2025-06-06T06:54:58.330Z] ----------------------------------------------------------------------
[debug] 
[debug] [2025-06-06T06:54:58.332Z] > command requires scopes: ["email","openid","https://www.googleapis.com/auth/cloudplatformprojects.readonly","https://www.googleapis.com/auth/firebase","https://www.googleapis.com/auth/cloud-platform"]
[debug] [2025-06-06T06:54:58.332Z] > authorizing via signed-in user (vbrahmbhatt7420@gmail.com)
[info] 
     ######## #### ########  ######## ########     ###     ######  ########
     ##        ##  ##     ## ##       ##     ##  ##   ##  ##       ##
     ######    ##  ########  ######   ########  #########  ######  ######
     ##        ##  ##    ##  ##       ##     ## ##     ##       ## ##
     ##       #### ##     ## ######## ########  ##     ##  ######  ########

You're about to initialize a Firebase project in this directory:

  /Users/vraj/Downloads/portfolio-main

[info] 
=== Project Setup
[info] 
[info] First, let's associate this project directory with a Firebase project.
[info] You can create multiple project aliases by running firebase use --add, 
[info] but for now we'll just set up a default project.
[info] 
[debug] [2025-06-06T06:55:05.837Z] Using project from CLI flag: portfolio-bb607
[debug] [2025-06-06T06:55:05.837Z] Checked if tokens are valid: true, expires at: 1749196423413
[debug] [2025-06-06T06:55:05.837Z] Checked if tokens are valid: true, expires at: 1749196423413
[debug] [2025-06-06T06:55:05.838Z] >>> [apiv2][query] GET https://firebase.googleapis.com/v1beta1/projects/portfolio-bb607 [none]
[debug] [2025-06-06T06:55:12.088Z] <<< [apiv2][status] GET https://firebase.googleapis.com/v1beta1/projects/portfolio-bb607 403
[debug] [2025-06-06T06:55:12.089Z] <<< [apiv2][body] GET https://firebase.googleapis.com/v1beta1/projects/portfolio-bb607 {"error":{"code":403,"message":"The caller does not have permission","status":"PERMISSION_DENIED"}}
[debug] [2025-06-06T06:55:12.090Z] Request to https://firebase.googleapis.com/v1beta1/projects/portfolio-bb607 had HTTP Error: 403, The caller does not have permission
[debug] [2025-06-06T06:55:12.091Z] FirebaseError: Request to https://firebase.googleapis.com/v1beta1/projects/portfolio-bb607 had HTTP Error: 403, The caller does not have permission
    at responseToError (/usr/local/lib/node_modules/firebase-tools/lib/responseToError.js:52:12)
    at RetryOperation._fn (/usr/local/lib/node_modules/firebase-tools/lib/apiv2.js:312:77)
    at process.processTicksAndRejections (node:internal/process/task_queues:105:5)
[error] 
[error] Error: Failed to get Firebase project portfolio-bb607. Please make sure the project exists and your account has permission to access it.
